
CPU Model =  Neoverse-N1

Sockets/Cores/Threads:
	num_sockets          = 1
	num_cores_total      = 32
	num_cores_per_socket = 32
	num_threads_per_core = 1
	Hyper-Threading      = false

NUMA:
	num_numa_domains            = 1
	num_numa_domains_per_socket = 1
	num_cores_per_numa_domain   = 32

Memory = 129.04 GB

CPU Caches:
	L1_cache = 64K (4-way)
	L2_cache = 1024K (8-way)
	L3_cache = 32768K (16-way)
	L3_cache_per_sock = 32768 KB
	L3_cache_per_core = 1024 KB

OS:
Operating System       = Ubuntu 22.04.3 LTS
Kernel version         = 6.2.0-1017-aws
CPU Turbo Boost        = 
CPU Scaling Governor   = 
CPU Scaling Driver     = 
Transparent Huge Pages = disabled

CC version  = gcc (Ubuntu 11.4.0-1ubuntu1~22.04) 11.4.0
Hostname    = ip-172-31-5-22.us-west-1.compute.internal
Date        = Sat Dec 30 16:59:15 UTC 2023

-------------------------------------------------------------
STREAM version $Revision: 5.10 $
-------------------------------------------------------------
This system uses 8 bytes per array element.
-------------------------------------------------------------
Array size = 134217728 (elements), Offset = 0 (elements)
Memory per array = 1024.0 MiB (= 1.0 GiB).
Total memory required = 3072.0 MiB (= 3.0 GiB).
Each kernel will be executed 100 times.
 The *best* time for each kernel (excluding the first iteration)
 will be used to compute the reported bandwidth.
-------------------------------------------------------------
Number of Threads requested = 32
Number of Threads counted = 32
-------------------------------------------------------------
Your clock granularity/precision appears to be 1 microseconds.
Each test below will take on the order of 13413 microseconds.
   (= 13413 clock ticks)
Increase the size of the arrays if this shows that
you are not getting at least 20 clock ticks per test.
-------------------------------------------------------------
WARNING -- The above is only a rough guideline.
For best results, please be sure you know the
precision of your system timer.
-------------------------------------------------------------
Function    Best Rate MB/s  Avg time     Min time     Max time
Copy:          164233.1     0.013404     0.013076     0.015202
Scale:         163392.9     0.013486     0.013143     0.015293
Add:           171059.6     0.019309     0.018831     0.022335
Triad:         171122.4     0.019230     0.018824     0.021617
-------------------------------------------------------------
Solution Validates: avg error less than 1.000000e-13 on all three arrays
-------------------------------------------------------------
