 
available: 1 nodes (0)
node 0 cpus: 0 1 2 3 4 5 6 7 8 9 10 11 12 13 14 15 16 17 18 19 20 21 22 23 24 25 26 27 28 29 30 31
node 0 size: 127330 MB
node 0 free: 123997 MB
node distances:
node   0 
  0:  10 
 
[10/21 14:52:08 PM] Found the following hardware:
  sockets         = 1
  physical cores  = 16
  threads per core= 2
  logical threads = 32
  NUMA nodes      = 1
Test Parameters
  Date: 2023_10-21_14.52.08.PM
  Output Directory: /home/ubuntu/Analyzing-DataCenter-Workloads/multichase/results
  Data File: multiload_2023_10-21_14.52.08.PM_-s_16_-T_16g_-n_5_-c_chaseload_-m_1073741824-1073741824_-t_1-32_EVAL_1P.txt
  Data File: multiload_2023_10-21_14.52.08.PM_-s_16_-T_16g_-n_5_-c_chaseload_-m_1073741824-1073741824_-t_1-32_EVAL_1P.csv
  Log File: /home/ubuntu/Analyzing-DataCenter-Workloads/multichase/results/multiload_2023_10-21_14.52.08.PM_ip-172-31-0-202_run.log
  Iterations: 5
  Thread List: 1 4 8 12 16 20 24 28 32
  Mem Buf List: 1073741824
  Random Stride: 16
  Numa runs: No
[10/21 14:52:08 PM] Starting NUMA=1 run...
[10/21 14:52:08 PM] Iteration 1 of 5, taskset 000000001 /home/ubuntu/Analyzing-DataCenter-Workloads/multichase/multiload -s 16 -T 16g -n 5 -c chaseload -t 1 -m 1073741824 -l memcpy-libc
[10/21 14:52:34 PM] Iteration 2 of 5, taskset 000000001 /home/ubuntu/Analyzing-DataCenter-Workloads/multichase/multiload -s 16 -T 16g -n 5 -c chaseload -t 1 -m 1073741824 -l memcpy-libc
[10/21 14:53:01 PM] Iteration 3 of 5, taskset 000000001 /home/ubuntu/Analyzing-DataCenter-Workloads/multichase/multiload -s 16 -T 16g -n 5 -c chaseload -t 1 -m 1073741824 -l memcpy-libc
[10/21 14:53:28 PM] Iteration 4 of 5, taskset 000000001 /home/ubuntu/Analyzing-DataCenter-Workloads/multichase/multiload -s 16 -T 16g -n 5 -c chaseload -t 1 -m 1073741824 -l memcpy-libc
[10/21 14:53:55 PM] Iteration 5 of 5, taskset 000000001 /home/ubuntu/Analyzing-DataCenter-Workloads/multichase/multiload -s 16 -T 16g -n 5 -c chaseload -t 1 -m 1073741824 -l memcpy-libc

[10/21 14:54:21 PM] Total runtime: 0 hrs, 2 mins, 13 secs
[10/21 14:54:21 PM] Iteration 1 of 5, taskset 00000000F /home/ubuntu/Analyzing-DataCenter-Workloads/multichase/multiload -s 16 -T 16g -n 5 -c chaseload -t 4 -m 1073741824 -l memcpy-libc
[10/21 14:54:49 PM] Iteration 2 of 5, taskset 00000000F /home/ubuntu/Analyzing-DataCenter-Workloads/multichase/multiload -s 16 -T 16g -n 5 -c chaseload -t 4 -m 1073741824 -l memcpy-libc
[10/21 14:55:16 PM] Iteration 3 of 5, taskset 00000000F /home/ubuntu/Analyzing-DataCenter-Workloads/multichase/multiload -s 16 -T 16g -n 5 -c chaseload -t 4 -m 1073741824 -l memcpy-libc
[10/21 14:55:43 PM] Iteration 4 of 5, taskset 00000000F /home/ubuntu/Analyzing-DataCenter-Workloads/multichase/multiload -s 16 -T 16g -n 5 -c chaseload -t 4 -m 1073741824 -l memcpy-libc
[10/21 14:56:10 PM] Iteration 5 of 5, taskset 00000000F /home/ubuntu/Analyzing-DataCenter-Workloads/multichase/multiload -s 16 -T 16g -n 5 -c chaseload -t 4 -m 1073741824 -l memcpy-libc

[10/21 14:56:37 PM] Total runtime: 0 hrs, 4 mins, 29 secs
[10/21 14:56:37 PM] Iteration 1 of 5, taskset 0000000FF /home/ubuntu/Analyzing-DataCenter-Workloads/multichase/multiload -s 16 -T 16g -n 5 -c chaseload -t 8 -m 1073741824 -l memcpy-libc
[10/21 14:57:05 PM] Iteration 2 of 5, taskset 0000000FF /home/ubuntu/Analyzing-DataCenter-Workloads/multichase/multiload -s 16 -T 16g -n 5 -c chaseload -t 8 -m 1073741824 -l memcpy-libc
[10/21 14:57:32 PM] Iteration 3 of 5, taskset 0000000FF /home/ubuntu/Analyzing-DataCenter-Workloads/multichase/multiload -s 16 -T 16g -n 5 -c chaseload -t 8 -m 1073741824 -l memcpy-libc
[10/21 14:58:00 PM] Iteration 4 of 5, taskset 0000000FF /home/ubuntu/Analyzing-DataCenter-Workloads/multichase/multiload -s 16 -T 16g -n 5 -c chaseload -t 8 -m 1073741824 -l memcpy-libc
[10/21 14:58:28 PM] Iteration 5 of 5, taskset 0000000FF /home/ubuntu/Analyzing-DataCenter-Workloads/multichase/multiload -s 16 -T 16g -n 5 -c chaseload -t 8 -m 1073741824 -l memcpy-libc

[10/21 14:58:55 PM] Total runtime: 0 hrs, 6 mins, 47 secs
[10/21 14:58:55 PM] Iteration 1 of 5, taskset 000000FFF /home/ubuntu/Analyzing-DataCenter-Workloads/multichase/multiload -s 16 -T 16g -n 5 -c chaseload -t 12 -m 1073741824 -l memcpy-libc
[10/21 14:59:23 PM] Iteration 2 of 5, taskset 000000FFF /home/ubuntu/Analyzing-DataCenter-Workloads/multichase/multiload -s 16 -T 16g -n 5 -c chaseload -t 12 -m 1073741824 -l memcpy-libc
[10/21 14:59:52 PM] Iteration 3 of 5, taskset 000000FFF /home/ubuntu/Analyzing-DataCenter-Workloads/multichase/multiload -s 16 -T 16g -n 5 -c chaseload -t 12 -m 1073741824 -l memcpy-libc
[10/21 15:00:19 PM] Iteration 4 of 5, taskset 000000FFF /home/ubuntu/Analyzing-DataCenter-Workloads/multichase/multiload -s 16 -T 16g -n 5 -c chaseload -t 12 -m 1073741824 -l memcpy-libc
[10/21 15:00:47 PM] Iteration 5 of 5, taskset 000000FFF /home/ubuntu/Analyzing-DataCenter-Workloads/multichase/multiload -s 16 -T 16g -n 5 -c chaseload -t 12 -m 1073741824 -l memcpy-libc

[10/21 15:01:16 PM] Total runtime: 0 hrs, 9 mins, 8 secs
[10/21 15:01:16 PM] Iteration 1 of 5, taskset 00000FFFF /home/ubuntu/Analyzing-DataCenter-Workloads/multichase/multiload -s 16 -T 16g -n 5 -c chaseload -t 16 -m 1073741824 -l memcpy-libc
[10/21 15:01:44 PM] Iteration 2 of 5, taskset 00000FFFF /home/ubuntu/Analyzing-DataCenter-Workloads/multichase/multiload -s 16 -T 16g -n 5 -c chaseload -t 16 -m 1073741824 -l memcpy-libc
[10/21 15:02:12 PM] Iteration 3 of 5, taskset 00000FFFF /home/ubuntu/Analyzing-DataCenter-Workloads/multichase/multiload -s 16 -T 16g -n 5 -c chaseload -t 16 -m 1073741824 -l memcpy-libc
[10/21 15:02:41 PM] Iteration 4 of 5, taskset 00000FFFF /home/ubuntu/Analyzing-DataCenter-Workloads/multichase/multiload -s 16 -T 16g -n 5 -c chaseload -t 16 -m 1073741824 -l memcpy-libc
[10/21 15:03:10 PM] Iteration 5 of 5, taskset 00000FFFF /home/ubuntu/Analyzing-DataCenter-Workloads/multichase/multiload -s 16 -T 16g -n 5 -c chaseload -t 16 -m 1073741824 -l memcpy-libc

[10/21 15:03:38 PM] Total runtime: 0 hrs, 11 mins, 30 secs
[10/21 15:03:38 PM] Iteration 1 of 5, taskset 0000FFFFF /home/ubuntu/Analyzing-DataCenter-Workloads/multichase/multiload -s 16 -T 16g -n 5 -c chaseload -t 20 -m 1073741824 -l memcpy-libc
[10/21 15:04:08 PM] Iteration 2 of 5, taskset 0000FFFFF /home/ubuntu/Analyzing-DataCenter-Workloads/multichase/multiload -s 16 -T 16g -n 5 -c chaseload -t 20 -m 1073741824 -l memcpy-libc
[10/21 15:04:38 PM] Iteration 3 of 5, taskset 0000FFFFF /home/ubuntu/Analyzing-DataCenter-Workloads/multichase/multiload -s 16 -T 16g -n 5 -c chaseload -t 20 -m 1073741824 -l memcpy-libc
[10/21 15:05:08 PM] Iteration 4 of 5, taskset 0000FFFFF /home/ubuntu/Analyzing-DataCenter-Workloads/multichase/multiload -s 16 -T 16g -n 5 -c chaseload -t 20 -m 1073741824 -l memcpy-libc
[10/21 15:05:38 PM] Iteration 5 of 5, taskset 0000FFFFF /home/ubuntu/Analyzing-DataCenter-Workloads/multichase/multiload -s 16 -T 16g -n 5 -c chaseload -t 20 -m 1073741824 -l memcpy-libc

[10/21 15:06:08 PM] Total runtime: 0 hrs, 14 mins, 0 secs
[10/21 15:06:08 PM] Iteration 1 of 5, taskset 000FFFFFF /home/ubuntu/Analyzing-DataCenter-Workloads/multichase/multiload -s 16 -T 16g -n 5 -c chaseload -t 24 -m 1073741824 -l memcpy-libc
[10/21 15:06:37 PM] Iteration 2 of 5, taskset 000FFFFFF /home/ubuntu/Analyzing-DataCenter-Workloads/multichase/multiload -s 16 -T 16g -n 5 -c chaseload -t 24 -m 1073741824 -l memcpy-libc
[10/21 15:07:07 PM] Iteration 3 of 5, taskset 000FFFFFF /home/ubuntu/Analyzing-DataCenter-Workloads/multichase/multiload -s 16 -T 16g -n 5 -c chaseload -t 24 -m 1073741824 -l memcpy-libc
[10/21 15:07:37 PM] Iteration 4 of 5, taskset 000FFFFFF /home/ubuntu/Analyzing-DataCenter-Workloads/multichase/multiload -s 16 -T 16g -n 5 -c chaseload -t 24 -m 1073741824 -l memcpy-libc
[10/21 15:08:07 PM] Iteration 5 of 5, taskset 000FFFFFF /home/ubuntu/Analyzing-DataCenter-Workloads/multichase/multiload -s 16 -T 16g -n 5 -c chaseload -t 24 -m 1073741824 -l memcpy-libc

[10/21 15:08:37 PM] Total runtime: 0 hrs, 16 mins, 29 secs
[10/21 15:08:37 PM] Iteration 1 of 5, taskset 00FFFFFFF /home/ubuntu/Analyzing-DataCenter-Workloads/multichase/multiload -s 16 -T 16g -n 5 -c chaseload -t 28 -m 1073741824 -l memcpy-libc
[10/21 15:09:08 PM] Iteration 2 of 5, taskset 00FFFFFFF /home/ubuntu/Analyzing-DataCenter-Workloads/multichase/multiload -s 16 -T 16g -n 5 -c chaseload -t 28 -m 1073741824 -l memcpy-libc
[10/21 15:09:38 PM] Iteration 3 of 5, taskset 00FFFFFFF /home/ubuntu/Analyzing-DataCenter-Workloads/multichase/multiload -s 16 -T 16g -n 5 -c chaseload -t 28 -m 1073741824 -l memcpy-libc
[10/21 15:10:08 PM] Iteration 4 of 5, taskset 00FFFFFFF /home/ubuntu/Analyzing-DataCenter-Workloads/multichase/multiload -s 16 -T 16g -n 5 -c chaseload -t 28 -m 1073741824 -l memcpy-libc
[10/21 15:10:38 PM] Iteration 5 of 5, taskset 00FFFFFFF /home/ubuntu/Analyzing-DataCenter-Workloads/multichase/multiload -s 16 -T 16g -n 5 -c chaseload -t 28 -m 1073741824 -l memcpy-libc

[10/21 15:11:08 PM] Total runtime: 0 hrs, 19 mins, 0 secs
[10/21 15:11:08 PM] Iteration 1 of 5, taskset 0FFFFFFFF /home/ubuntu/Analyzing-DataCenter-Workloads/multichase/multiload -s 16 -T 16g -n 5 -c chaseload -t 32 -m 1073741824 -l memcpy-libc
[10/21 15:11:39 PM] Iteration 2 of 5, taskset 0FFFFFFFF /home/ubuntu/Analyzing-DataCenter-Workloads/multichase/multiload -s 16 -T 16g -n 5 -c chaseload -t 32 -m 1073741824 -l memcpy-libc
[10/21 15:12:09 PM] Iteration 3 of 5, taskset 0FFFFFFFF /home/ubuntu/Analyzing-DataCenter-Workloads/multichase/multiload -s 16 -T 16g -n 5 -c chaseload -t 32 -m 1073741824 -l memcpy-libc
[10/21 15:12:39 PM] Iteration 4 of 5, taskset 0FFFFFFFF /home/ubuntu/Analyzing-DataCenter-Workloads/multichase/multiload -s 16 -T 16g -n 5 -c chaseload -t 32 -m 1073741824 -l memcpy-libc
[10/21 15:13:09 PM] Iteration 5 of 5, taskset 0FFFFFFFF /home/ubuntu/Analyzing-DataCenter-Workloads/multichase/multiload -s 16 -T 16g -n 5 -c chaseload -t 32 -m 1073741824 -l memcpy-libc

[10/21 15:13:40 PM] Total runtime: 0 hrs, 21 mins, 32 secs
[10/21 15:13:40 PM] Iteration 1 of 5, taskset 000000001 /home/ubuntu/Analyzing-DataCenter-Workloads/multichase/multiload -s 16 -T 16g -n 5 -c chaseload -t 1 -m 1073741824 -l memset-libc
[10/21 15:14:06 PM] Iteration 2 of 5, taskset 000000001 /home/ubuntu/Analyzing-DataCenter-Workloads/multichase/multiload -s 16 -T 16g -n 5 -c chaseload -t 1 -m 1073741824 -l memset-libc
[10/21 15:14:33 PM] Iteration 3 of 5, taskset 000000001 /home/ubuntu/Analyzing-DataCenter-Workloads/multichase/multiload -s 16 -T 16g -n 5 -c chaseload -t 1 -m 1073741824 -l memset-libc
[10/21 15:14:59 PM] Iteration 4 of 5, taskset 000000001 /home/ubuntu/Analyzing-DataCenter-Workloads/multichase/multiload -s 16 -T 16g -n 5 -c chaseload -t 1 -m 1073741824 -l memset-libc
[10/21 15:15:26 PM] Iteration 5 of 5, taskset 000000001 /home/ubuntu/Analyzing-DataCenter-Workloads/multichase/multiload -s 16 -T 16g -n 5 -c chaseload -t 1 -m 1073741824 -l memset-libc

[10/21 15:15:52 PM] Total runtime: 0 hrs, 23 mins, 44 secs
[10/21 15:15:52 PM] Iteration 1 of 5, taskset 00000000F /home/ubuntu/Analyzing-DataCenter-Workloads/multichase/multiload -s 16 -T 16g -n 5 -c chaseload -t 4 -m 1073741824 -l memset-libc
[10/21 15:16:19 PM] Iteration 2 of 5, taskset 00000000F /home/ubuntu/Analyzing-DataCenter-Workloads/multichase/multiload -s 16 -T 16g -n 5 -c chaseload -t 4 -m 1073741824 -l memset-libc
[10/21 15:16:47 PM] Iteration 3 of 5, taskset 00000000F /home/ubuntu/Analyzing-DataCenter-Workloads/multichase/multiload -s 16 -T 16g -n 5 -c chaseload -t 4 -m 1073741824 -l memset-libc
[10/21 15:17:14 PM] Iteration 4 of 5, taskset 00000000F /home/ubuntu/Analyzing-DataCenter-Workloads/multichase/multiload -s 16 -T 16g -n 5 -c chaseload -t 4 -m 1073741824 -l memset-libc
[10/21 15:17:41 PM] Iteration 5 of 5, taskset 00000000F /home/ubuntu/Analyzing-DataCenter-Workloads/multichase/multiload -s 16 -T 16g -n 5 -c chaseload -t 4 -m 1073741824 -l memset-libc

[10/21 15:18:08 PM] Total runtime: 0 hrs, 26 mins, 0 secs
[10/21 15:18:09 PM] Iteration 1 of 5, taskset 0000000FF /home/ubuntu/Analyzing-DataCenter-Workloads/multichase/multiload -s 16 -T 16g -n 5 -c chaseload -t 8 -m 1073741824 -l memset-libc
[10/21 15:18:36 PM] Iteration 2 of 5, taskset 0000000FF /home/ubuntu/Analyzing-DataCenter-Workloads/multichase/multiload -s 16 -T 16g -n 5 -c chaseload -t 8 -m 1073741824 -l memset-libc
[10/21 15:19:04 PM] Iteration 3 of 5, taskset 0000000FF /home/ubuntu/Analyzing-DataCenter-Workloads/multichase/multiload -s 16 -T 16g -n 5 -c chaseload -t 8 -m 1073741824 -l memset-libc
[10/21 15:19:32 PM] Iteration 4 of 5, taskset 0000000FF /home/ubuntu/Analyzing-DataCenter-Workloads/multichase/multiload -s 16 -T 16g -n 5 -c chaseload -t 8 -m 1073741824 -l memset-libc
[10/21 15:20:00 PM] Iteration 5 of 5, taskset 0000000FF /home/ubuntu/Analyzing-DataCenter-Workloads/multichase/multiload -s 16 -T 16g -n 5 -c chaseload -t 8 -m 1073741824 -l memset-libc

[10/21 15:20:27 PM] Total runtime: 0 hrs, 28 mins, 19 secs
[10/21 15:20:27 PM] Iteration 1 of 5, taskset 000000FFF /home/ubuntu/Analyzing-DataCenter-Workloads/multichase/multiload -s 16 -T 16g -n 5 -c chaseload -t 12 -m 1073741824 -l memset-libc
[10/21 15:20:56 PM] Iteration 2 of 5, taskset 000000FFF /home/ubuntu/Analyzing-DataCenter-Workloads/multichase/multiload -s 16 -T 16g -n 5 -c chaseload -t 12 -m 1073741824 -l memset-libc
[10/21 15:21:24 PM] Iteration 3 of 5, taskset 000000FFF /home/ubuntu/Analyzing-DataCenter-Workloads/multichase/multiload -s 16 -T 16g -n 5 -c chaseload -t 12 -m 1073741824 -l memset-libc
[10/21 15:21:52 PM] Iteration 4 of 5, taskset 000000FFF /home/ubuntu/Analyzing-DataCenter-Workloads/multichase/multiload -s 16 -T 16g -n 5 -c chaseload -t 12 -m 1073741824 -l memset-libc
[10/21 15:22:20 PM] Iteration 5 of 5, taskset 000000FFF /home/ubuntu/Analyzing-DataCenter-Workloads/multichase/multiload -s 16 -T 16g -n 5 -c chaseload -t 12 -m 1073741824 -l memset-libc

[10/21 15:22:48 PM] Total runtime: 0 hrs, 30 mins, 40 secs
[10/21 15:22:48 PM] Iteration 1 of 5, taskset 00000FFFF /home/ubuntu/Analyzing-DataCenter-Workloads/multichase/multiload -s 16 -T 16g -n 5 -c chaseload -t 16 -m 1073741824 -l memset-libc
[10/21 15:23:17 PM] Iteration 2 of 5, taskset 00000FFFF /home/ubuntu/Analyzing-DataCenter-Workloads/multichase/multiload -s 16 -T 16g -n 5 -c chaseload -t 16 -m 1073741824 -l memset-libc
[10/21 15:23:46 PM] Iteration 3 of 5, taskset 00000FFFF /home/ubuntu/Analyzing-DataCenter-Workloads/multichase/multiload -s 16 -T 16g -n 5 -c chaseload -t 16 -m 1073741824 -l memset-libc
[10/21 15:24:15 PM] Iteration 4 of 5, taskset 00000FFFF /home/ubuntu/Analyzing-DataCenter-Workloads/multichase/multiload -s 16 -T 16g -n 5 -c chaseload -t 16 -m 1073741824 -l memset-libc
[10/21 15:24:44 PM] Iteration 5 of 5, taskset 00000FFFF /home/ubuntu/Analyzing-DataCenter-Workloads/multichase/multiload -s 16 -T 16g -n 5 -c chaseload -t 16 -m 1073741824 -l memset-libc

[10/21 15:25:12 PM] Total runtime: 0 hrs, 33 mins, 4 secs
[10/21 15:25:12 PM] Iteration 1 of 5, taskset 0000FFFFF /home/ubuntu/Analyzing-DataCenter-Workloads/multichase/multiload -s 16 -T 16g -n 5 -c chaseload -t 20 -m 1073741824 -l memset-libc
[10/21 15:25:42 PM] Iteration 2 of 5, taskset 0000FFFFF /home/ubuntu/Analyzing-DataCenter-Workloads/multichase/multiload -s 16 -T 16g -n 5 -c chaseload -t 20 -m 1073741824 -l memset-libc
[10/21 15:26:12 PM] Iteration 3 of 5, taskset 0000FFFFF /home/ubuntu/Analyzing-DataCenter-Workloads/multichase/multiload -s 16 -T 16g -n 5 -c chaseload -t 20 -m 1073741824 -l memset-libc
[10/21 15:26:42 PM] Iteration 4 of 5, taskset 0000FFFFF /home/ubuntu/Analyzing-DataCenter-Workloads/multichase/multiload -s 16 -T 16g -n 5 -c chaseload -t 20 -m 1073741824 -l memset-libc
[10/21 15:27:12 PM] Iteration 5 of 5, taskset 0000FFFFF /home/ubuntu/Analyzing-DataCenter-Workloads/multichase/multiload -s 16 -T 16g -n 5 -c chaseload -t 20 -m 1073741824 -l memset-libc

[10/21 15:27:42 PM] Total runtime: 0 hrs, 35 mins, 34 secs
[10/21 15:27:42 PM] Iteration 1 of 5, taskset 000FFFFFF /home/ubuntu/Analyzing-DataCenter-Workloads/multichase/multiload -s 16 -T 16g -n 5 -c chaseload -t 24 -m 1073741824 -l memset-libc
[10/21 15:28:13 PM] Iteration 2 of 5, taskset 000FFFFFF /home/ubuntu/Analyzing-DataCenter-Workloads/multichase/multiload -s 16 -T 16g -n 5 -c chaseload -t 24 -m 1073741824 -l memset-libc
[10/21 15:28:43 PM] Iteration 3 of 5, taskset 000FFFFFF /home/ubuntu/Analyzing-DataCenter-Workloads/multichase/multiload -s 16 -T 16g -n 5 -c chaseload -t 24 -m 1073741824 -l memset-libc
[10/21 15:29:14 PM] Iteration 4 of 5, taskset 000FFFFFF /home/ubuntu/Analyzing-DataCenter-Workloads/multichase/multiload -s 16 -T 16g -n 5 -c chaseload -t 24 -m 1073741824 -l memset-libc
[10/21 15:29:44 PM] Iteration 5 of 5, taskset 000FFFFFF /home/ubuntu/Analyzing-DataCenter-Workloads/multichase/multiload -s 16 -T 16g -n 5 -c chaseload -t 24 -m 1073741824 -l memset-libc

[10/21 15:30:15 PM] Total runtime: 0 hrs, 38 mins, 7 secs
[10/21 15:30:15 PM] Iteration 1 of 5, taskset 00FFFFFFF /home/ubuntu/Analyzing-DataCenter-Workloads/multichase/multiload -s 16 -T 16g -n 5 -c chaseload -t 28 -m 1073741824 -l memset-libc
[10/21 15:30:46 PM] Iteration 2 of 5, taskset 00FFFFFFF /home/ubuntu/Analyzing-DataCenter-Workloads/multichase/multiload -s 16 -T 16g -n 5 -c chaseload -t 28 -m 1073741824 -l memset-libc
[10/21 15:31:16 PM] Iteration 3 of 5, taskset 00FFFFFFF /home/ubuntu/Analyzing-DataCenter-Workloads/multichase/multiload -s 16 -T 16g -n 5 -c chaseload -t 28 -m 1073741824 -l memset-libc
[10/21 15:31:47 PM] Iteration 4 of 5, taskset 00FFFFFFF /home/ubuntu/Analyzing-DataCenter-Workloads/multichase/multiload -s 16 -T 16g -n 5 -c chaseload -t 28 -m 1073741824 -l memset-libc
[10/21 15:32:17 PM] Iteration 5 of 5, taskset 00FFFFFFF /home/ubuntu/Analyzing-DataCenter-Workloads/multichase/multiload -s 16 -T 16g -n 5 -c chaseload -t 28 -m 1073741824 -l memset-libc

[10/21 15:32:48 PM] Total runtime: 0 hrs, 40 mins, 40 secs
[10/21 15:32:48 PM] Iteration 1 of 5, taskset 0FFFFFFFF /home/ubuntu/Analyzing-DataCenter-Workloads/multichase/multiload -s 16 -T 16g -n 5 -c chaseload -t 32 -m 1073741824 -l memset-libc
[10/21 15:33:19 PM] Iteration 2 of 5, taskset 0FFFFFFFF /home/ubuntu/Analyzing-DataCenter-Workloads/multichase/multiload -s 16 -T 16g -n 5 -c chaseload -t 32 -m 1073741824 -l memset-libc
[10/21 15:33:49 PM] Iteration 3 of 5, taskset 0FFFFFFFF /home/ubuntu/Analyzing-DataCenter-Workloads/multichase/multiload -s 16 -T 16g -n 5 -c chaseload -t 32 -m 1073741824 -l memset-libc
[10/21 15:34:20 PM] Iteration 4 of 5, taskset 0FFFFFFFF /home/ubuntu/Analyzing-DataCenter-Workloads/multichase/multiload -s 16 -T 16g -n 5 -c chaseload -t 32 -m 1073741824 -l memset-libc
[10/21 15:34:50 PM] Iteration 5 of 5, taskset 0FFFFFFFF /home/ubuntu/Analyzing-DataCenter-Workloads/multichase/multiload -s 16 -T 16g -n 5 -c chaseload -t 32 -m 1073741824 -l memset-libc

[10/21 15:35:21 PM] Total runtime: 0 hrs, 43 mins, 13 secs
[10/21 15:35:21 PM] Iteration 1 of 5, taskset 000000001 /home/ubuntu/Analyzing-DataCenter-Workloads/multichase/multiload -s 16 -T 16g -n 5 -c chaseload -t 1 -m 1073741824 -l memsetz-libc
[10/21 15:35:49 PM] Iteration 2 of 5, taskset 000000001 /home/ubuntu/Analyzing-DataCenter-Workloads/multichase/multiload -s 16 -T 16g -n 5 -c chaseload -t 1 -m 1073741824 -l memsetz-libc
[10/21 15:36:15 PM] Iteration 3 of 5, taskset 000000001 /home/ubuntu/Analyzing-DataCenter-Workloads/multichase/multiload -s 16 -T 16g -n 5 -c chaseload -t 1 -m 1073741824 -l memsetz-libc
[10/21 15:36:42 PM] Iteration 4 of 5, taskset 000000001 /home/ubuntu/Analyzing-DataCenter-Workloads/multichase/multiload -s 16 -T 16g -n 5 -c chaseload -t 1 -m 1073741824 -l memsetz-libc
[10/21 15:37:08 PM] Iteration 5 of 5, taskset 000000001 /home/ubuntu/Analyzing-DataCenter-Workloads/multichase/multiload -s 16 -T 16g -n 5 -c chaseload -t 1 -m 1073741824 -l memsetz-libc

[10/21 15:37:34 PM] Total runtime: 0 hrs, 45 mins, 26 secs
[10/21 15:37:34 PM] Iteration 1 of 5, taskset 00000000F /home/ubuntu/Analyzing-DataCenter-Workloads/multichase/multiload -s 16 -T 16g -n 5 -c chaseload -t 4 -m 1073741824 -l memsetz-libc
[10/21 15:38:02 PM] Iteration 2 of 5, taskset 00000000F /home/ubuntu/Analyzing-DataCenter-Workloads/multichase/multiload -s 16 -T 16g -n 5 -c chaseload -t 4 -m 1073741824 -l memsetz-libc
[10/21 15:38:29 PM] Iteration 3 of 5, taskset 00000000F /home/ubuntu/Analyzing-DataCenter-Workloads/multichase/multiload -s 16 -T 16g -n 5 -c chaseload -t 4 -m 1073741824 -l memsetz-libc
[10/21 15:38:56 PM] Iteration 4 of 5, taskset 00000000F /home/ubuntu/Analyzing-DataCenter-Workloads/multichase/multiload -s 16 -T 16g -n 5 -c chaseload -t 4 -m 1073741824 -l memsetz-libc
[10/21 15:39:24 PM] Iteration 5 of 5, taskset 00000000F /home/ubuntu/Analyzing-DataCenter-Workloads/multichase/multiload -s 16 -T 16g -n 5 -c chaseload -t 4 -m 1073741824 -l memsetz-libc

[10/21 15:39:51 PM] Total runtime: 0 hrs, 47 mins, 43 secs
[10/21 15:39:51 PM] Iteration 1 of 5, taskset 0000000FF /home/ubuntu/Analyzing-DataCenter-Workloads/multichase/multiload -s 16 -T 16g -n 5 -c chaseload -t 8 -m 1073741824 -l memsetz-libc
[10/21 15:40:19 PM] Iteration 2 of 5, taskset 0000000FF /home/ubuntu/Analyzing-DataCenter-Workloads/multichase/multiload -s 16 -T 16g -n 5 -c chaseload -t 8 -m 1073741824 -l memsetz-libc
[10/21 15:40:46 PM] Iteration 3 of 5, taskset 0000000FF /home/ubuntu/Analyzing-DataCenter-Workloads/multichase/multiload -s 16 -T 16g -n 5 -c chaseload -t 8 -m 1073741824 -l memsetz-libc
[10/21 15:41:14 PM] Iteration 4 of 5, taskset 0000000FF /home/ubuntu/Analyzing-DataCenter-Workloads/multichase/multiload -s 16 -T 16g -n 5 -c chaseload -t 8 -m 1073741824 -l memsetz-libc
[10/21 15:41:42 PM] Iteration 5 of 5, taskset 0000000FF /home/ubuntu/Analyzing-DataCenter-Workloads/multichase/multiload -s 16 -T 16g -n 5 -c chaseload -t 8 -m 1073741824 -l memsetz-libc

[10/21 15:42:10 PM] Total runtime: 0 hrs, 50 mins, 2 secs
[10/21 15:42:10 PM] Iteration 1 of 5, taskset 000000FFF /home/ubuntu/Analyzing-DataCenter-Workloads/multichase/multiload -s 16 -T 16g -n 5 -c chaseload -t 12 -m 1073741824 -l memsetz-libc
[10/21 15:42:39 PM] Iteration 2 of 5, taskset 000000FFF /home/ubuntu/Analyzing-DataCenter-Workloads/multichase/multiload -s 16 -T 16g -n 5 -c chaseload -t 12 -m 1073741824 -l memsetz-libc
[10/21 15:43:07 PM] Iteration 3 of 5, taskset 000000FFF /home/ubuntu/Analyzing-DataCenter-Workloads/multichase/multiload -s 16 -T 16g -n 5 -c chaseload -t 12 -m 1073741824 -l memsetz-libc
[10/21 15:43:35 PM] Iteration 4 of 5, taskset 000000FFF /home/ubuntu/Analyzing-DataCenter-Workloads/multichase/multiload -s 16 -T 16g -n 5 -c chaseload -t 12 -m 1073741824 -l memsetz-libc
[10/21 15:44:02 PM] Iteration 5 of 5, taskset 000000FFF /home/ubuntu/Analyzing-DataCenter-Workloads/multichase/multiload -s 16 -T 16g -n 5 -c chaseload -t 12 -m 1073741824 -l memsetz-libc

[10/21 15:44:31 PM] Total runtime: 0 hrs, 52 mins, 23 secs
[10/21 15:44:31 PM] Iteration 1 of 5, taskset 00000FFFF /home/ubuntu/Analyzing-DataCenter-Workloads/multichase/multiload -s 16 -T 16g -n 5 -c chaseload -t 16 -m 1073741824 -l memsetz-libc
[10/21 15:45:00 PM] Iteration 2 of 5, taskset 00000FFFF /home/ubuntu/Analyzing-DataCenter-Workloads/multichase/multiload -s 16 -T 16g -n 5 -c chaseload -t 16 -m 1073741824 -l memsetz-libc
[10/21 15:45:28 PM] Iteration 3 of 5, taskset 00000FFFF /home/ubuntu/Analyzing-DataCenter-Workloads/multichase/multiload -s 16 -T 16g -n 5 -c chaseload -t 16 -m 1073741824 -l memsetz-libc
[10/21 15:45:57 PM] Iteration 4 of 5, taskset 00000FFFF /home/ubuntu/Analyzing-DataCenter-Workloads/multichase/multiload -s 16 -T 16g -n 5 -c chaseload -t 16 -m 1073741824 -l memsetz-libc
[10/21 15:46:25 PM] Iteration 5 of 5, taskset 00000FFFF /home/ubuntu/Analyzing-DataCenter-Workloads/multichase/multiload -s 16 -T 16g -n 5 -c chaseload -t 16 -m 1073741824 -l memsetz-libc

[10/21 15:46:54 PM] Total runtime: 0 hrs, 54 mins, 46 secs
[10/21 15:46:54 PM] Iteration 1 of 5, taskset 0000FFFFF /home/ubuntu/Analyzing-DataCenter-Workloads/multichase/multiload -s 16 -T 16g -n 5 -c chaseload -t 20 -m 1073741824 -l memsetz-libc
[10/21 15:47:24 PM] Iteration 2 of 5, taskset 0000FFFFF /home/ubuntu/Analyzing-DataCenter-Workloads/multichase/multiload -s 16 -T 16g -n 5 -c chaseload -t 20 -m 1073741824 -l memsetz-libc
[10/21 15:47:54 PM] Iteration 3 of 5, taskset 0000FFFFF /home/ubuntu/Analyzing-DataCenter-Workloads/multichase/multiload -s 16 -T 16g -n 5 -c chaseload -t 20 -m 1073741824 -l memsetz-libc
[10/21 15:48:24 PM] Iteration 4 of 5, taskset 0000FFFFF /home/ubuntu/Analyzing-DataCenter-Workloads/multichase/multiload -s 16 -T 16g -n 5 -c chaseload -t 20 -m 1073741824 -l memsetz-libc
[10/21 15:48:54 PM] Iteration 5 of 5, taskset 0000FFFFF /home/ubuntu/Analyzing-DataCenter-Workloads/multichase/multiload -s 16 -T 16g -n 5 -c chaseload -t 20 -m 1073741824 -l memsetz-libc

[10/21 15:49:24 PM] Total runtime: 0 hrs, 57 mins, 16 secs
[10/21 15:49:24 PM] Iteration 1 of 5, taskset 000FFFFFF /home/ubuntu/Analyzing-DataCenter-Workloads/multichase/multiload -s 16 -T 16g -n 5 -c chaseload -t 24 -m 1073741824 -l memsetz-libc
[10/21 15:49:54 PM] Iteration 2 of 5, taskset 000FFFFFF /home/ubuntu/Analyzing-DataCenter-Workloads/multichase/multiload -s 16 -T 16g -n 5 -c chaseload -t 24 -m 1073741824 -l memsetz-libc
[10/21 15:50:24 PM] Iteration 3 of 5, taskset 000FFFFFF /home/ubuntu/Analyzing-DataCenter-Workloads/multichase/multiload -s 16 -T 16g -n 5 -c chaseload -t 24 -m 1073741824 -l memsetz-libc
[10/21 15:50:54 PM] Iteration 4 of 5, taskset 000FFFFFF /home/ubuntu/Analyzing-DataCenter-Workloads/multichase/multiload -s 16 -T 16g -n 5 -c chaseload -t 24 -m 1073741824 -l memsetz-libc
[10/21 15:51:25 PM] Iteration 5 of 5, taskset 000FFFFFF /home/ubuntu/Analyzing-DataCenter-Workloads/multichase/multiload -s 16 -T 16g -n 5 -c chaseload -t 24 -m 1073741824 -l memsetz-libc

[10/21 15:51:55 PM] Total runtime: 0 hrs, 59 mins, 47 secs
[10/21 15:51:55 PM] Iteration 1 of 5, taskset 00FFFFFFF /home/ubuntu/Analyzing-DataCenter-Workloads/multichase/multiload -s 16 -T 16g -n 5 -c chaseload -t 28 -m 1073741824 -l memsetz-libc
[10/21 15:52:26 PM] Iteration 2 of 5, taskset 00FFFFFFF /home/ubuntu/Analyzing-DataCenter-Workloads/multichase/multiload -s 16 -T 16g -n 5 -c chaseload -t 28 -m 1073741824 -l memsetz-libc
[10/21 15:52:56 PM] Iteration 3 of 5, taskset 00FFFFFFF /home/ubuntu/Analyzing-DataCenter-Workloads/multichase/multiload -s 16 -T 16g -n 5 -c chaseload -t 28 -m 1073741824 -l memsetz-libc
[10/21 15:53:27 PM] Iteration 4 of 5, taskset 00FFFFFFF /home/ubuntu/Analyzing-DataCenter-Workloads/multichase/multiload -s 16 -T 16g -n 5 -c chaseload -t 28 -m 1073741824 -l memsetz-libc
[10/21 15:53:57 PM] Iteration 5 of 5, taskset 00FFFFFFF /home/ubuntu/Analyzing-DataCenter-Workloads/multichase/multiload -s 16 -T 16g -n 5 -c chaseload -t 28 -m 1073741824 -l memsetz-libc

[10/21 15:54:28 PM] Total runtime: 1 hrs, 2 mins, 20 secs
[10/21 15:54:28 PM] Iteration 1 of 5, taskset 0FFFFFFFF /home/ubuntu/Analyzing-DataCenter-Workloads/multichase/multiload -s 16 -T 16g -n 5 -c chaseload -t 32 -m 1073741824 -l memsetz-libc
[10/21 15:54:59 PM] Iteration 2 of 5, taskset 0FFFFFFFF /home/ubuntu/Analyzing-DataCenter-Workloads/multichase/multiload -s 16 -T 16g -n 5 -c chaseload -t 32 -m 1073741824 -l memsetz-libc
[10/21 15:55:30 PM] Iteration 3 of 5, taskset 0FFFFFFFF /home/ubuntu/Analyzing-DataCenter-Workloads/multichase/multiload -s 16 -T 16g -n 5 -c chaseload -t 32 -m 1073741824 -l memsetz-libc
[10/21 15:56:00 PM] Iteration 4 of 5, taskset 0FFFFFFFF /home/ubuntu/Analyzing-DataCenter-Workloads/multichase/multiload -s 16 -T 16g -n 5 -c chaseload -t 32 -m 1073741824 -l memsetz-libc
[10/21 15:56:30 PM] Iteration 5 of 5, taskset 0FFFFFFFF /home/ubuntu/Analyzing-DataCenter-Workloads/multichase/multiload -s 16 -T 16g -n 5 -c chaseload -t 32 -m 1073741824 -l memsetz-libc

[10/21 15:57:01 PM] Total runtime: 1 hrs, 4 mins, 53 secs
[10/21 15:57:01 PM] Iteration 1 of 5, taskset 000000001 /home/ubuntu/Analyzing-DataCenter-Workloads/multichase/multiload -s 16 -T 16g -n 5 -c chaseload -t 1 -m 1073741824 -l stream-sum
[10/21 15:57:28 PM] Iteration 2 of 5, taskset 000000001 /home/ubuntu/Analyzing-DataCenter-Workloads/multichase/multiload -s 16 -T 16g -n 5 -c chaseload -t 1 -m 1073741824 -l stream-sum
[10/21 15:57:55 PM] Iteration 3 of 5, taskset 000000001 /home/ubuntu/Analyzing-DataCenter-Workloads/multichase/multiload -s 16 -T 16g -n 5 -c chaseload -t 1 -m 1073741824 -l stream-sum
[10/21 15:58:21 PM] Iteration 4 of 5, taskset 000000001 /home/ubuntu/Analyzing-DataCenter-Workloads/multichase/multiload -s 16 -T 16g -n 5 -c chaseload -t 1 -m 1073741824 -l stream-sum
[10/21 15:58:47 PM] Iteration 5 of 5, taskset 000000001 /home/ubuntu/Analyzing-DataCenter-Workloads/multichase/multiload -s 16 -T 16g -n 5 -c chaseload -t 1 -m 1073741824 -l stream-sum

[10/21 15:59:14 PM] Total runtime: 1 hrs, 7 mins, 6 secs
[10/21 15:59:14 PM] Iteration 1 of 5, taskset 00000000F /home/ubuntu/Analyzing-DataCenter-Workloads/multichase/multiload -s 16 -T 16g -n 5 -c chaseload -t 4 -m 1073741824 -l stream-sum
[10/21 15:59:41 PM] Iteration 2 of 5, taskset 00000000F /home/ubuntu/Analyzing-DataCenter-Workloads/multichase/multiload -s 16 -T 16g -n 5 -c chaseload -t 4 -m 1073741824 -l stream-sum
[10/21 16:00:08 PM] Iteration 3 of 5, taskset 00000000F /home/ubuntu/Analyzing-DataCenter-Workloads/multichase/multiload -s 16 -T 16g -n 5 -c chaseload -t 4 -m 1073741824 -l stream-sum
[10/21 16:00:35 PM] Iteration 4 of 5, taskset 00000000F /home/ubuntu/Analyzing-DataCenter-Workloads/multichase/multiload -s 16 -T 16g -n 5 -c chaseload -t 4 -m 1073741824 -l stream-sum
[10/21 16:01:03 PM] Iteration 5 of 5, taskset 00000000F /home/ubuntu/Analyzing-DataCenter-Workloads/multichase/multiload -s 16 -T 16g -n 5 -c chaseload -t 4 -m 1073741824 -l stream-sum

[10/21 16:01:30 PM] Total runtime: 1 hrs, 9 mins, 22 secs
[10/21 16:01:30 PM] Iteration 1 of 5, taskset 0000000FF /home/ubuntu/Analyzing-DataCenter-Workloads/multichase/multiload -s 16 -T 16g -n 5 -c chaseload -t 8 -m 1073741824 -l stream-sum
[10/21 16:01:58 PM] Iteration 2 of 5, taskset 0000000FF /home/ubuntu/Analyzing-DataCenter-Workloads/multichase/multiload -s 16 -T 16g -n 5 -c chaseload -t 8 -m 1073741824 -l stream-sum
[10/21 16:02:25 PM] Iteration 3 of 5, taskset 0000000FF /home/ubuntu/Analyzing-DataCenter-Workloads/multichase/multiload -s 16 -T 16g -n 5 -c chaseload -t 8 -m 1073741824 -l stream-sum
[10/21 16:02:53 PM] Iteration 4 of 5, taskset 0000000FF /home/ubuntu/Analyzing-DataCenter-Workloads/multichase/multiload -s 16 -T 16g -n 5 -c chaseload -t 8 -m 1073741824 -l stream-sum
[10/21 16:03:21 PM] Iteration 5 of 5, taskset 0000000FF /home/ubuntu/Analyzing-DataCenter-Workloads/multichase/multiload -s 16 -T 16g -n 5 -c chaseload -t 8 -m 1073741824 -l stream-sum

[10/21 16:03:48 PM] Total runtime: 1 hrs, 11 mins, 40 secs
[10/21 16:03:48 PM] Iteration 1 of 5, taskset 000000FFF /home/ubuntu/Analyzing-DataCenter-Workloads/multichase/multiload -s 16 -T 16g -n 5 -c chaseload -t 12 -m 1073741824 -l stream-sum
[10/21 16:04:16 PM] Iteration 2 of 5, taskset 000000FFF /home/ubuntu/Analyzing-DataCenter-Workloads/multichase/multiload -s 16 -T 16g -n 5 -c chaseload -t 12 -m 1073741824 -l stream-sum
[10/21 16:04:44 PM] Iteration 3 of 5, taskset 000000FFF /home/ubuntu/Analyzing-DataCenter-Workloads/multichase/multiload -s 16 -T 16g -n 5 -c chaseload -t 12 -m 1073741824 -l stream-sum
[10/21 16:05:12 PM] Iteration 4 of 5, taskset 000000FFF /home/ubuntu/Analyzing-DataCenter-Workloads/multichase/multiload -s 16 -T 16g -n 5 -c chaseload -t 12 -m 1073741824 -l stream-sum
[10/21 16:05:40 PM] Iteration 5 of 5, taskset 000000FFF /home/ubuntu/Analyzing-DataCenter-Workloads/multichase/multiload -s 16 -T 16g -n 5 -c chaseload -t 12 -m 1073741824 -l stream-sum

[10/21 16:06:08 PM] Total runtime: 1 hrs, 14 mins, 0 secs
[10/21 16:06:08 PM] Iteration 1 of 5, taskset 00000FFFF /home/ubuntu/Analyzing-DataCenter-Workloads/multichase/multiload -s 16 -T 16g -n 5 -c chaseload -t 16 -m 1073741824 -l stream-sum
[10/21 16:06:37 PM] Iteration 2 of 5, taskset 00000FFFF /home/ubuntu/Analyzing-DataCenter-Workloads/multichase/multiload -s 16 -T 16g -n 5 -c chaseload -t 16 -m 1073741824 -l stream-sum
[10/21 16:07:05 PM] Iteration 3 of 5, taskset 00000FFFF /home/ubuntu/Analyzing-DataCenter-Workloads/multichase/multiload -s 16 -T 16g -n 5 -c chaseload -t 16 -m 1073741824 -l stream-sum
[10/21 16:07:34 PM] Iteration 4 of 5, taskset 00000FFFF /home/ubuntu/Analyzing-DataCenter-Workloads/multichase/multiload -s 16 -T 16g -n 5 -c chaseload -t 16 -m 1073741824 -l stream-sum
[10/21 16:08:02 PM] Iteration 5 of 5, taskset 00000FFFF /home/ubuntu/Analyzing-DataCenter-Workloads/multichase/multiload -s 16 -T 16g -n 5 -c chaseload -t 16 -m 1073741824 -l stream-sum

[10/21 16:08:31 PM] Total runtime: 1 hrs, 16 mins, 23 secs
[10/21 16:08:31 PM] Iteration 1 of 5, taskset 0000FFFFF /home/ubuntu/Analyzing-DataCenter-Workloads/multichase/multiload -s 16 -T 16g -n 5 -c chaseload -t 20 -m 1073741824 -l stream-sum
[10/21 16:09:00 PM] Iteration 2 of 5, taskset 0000FFFFF /home/ubuntu/Analyzing-DataCenter-Workloads/multichase/multiload -s 16 -T 16g -n 5 -c chaseload -t 20 -m 1073741824 -l stream-sum
[10/21 16:09:29 PM] Iteration 3 of 5, taskset 0000FFFFF /home/ubuntu/Analyzing-DataCenter-Workloads/multichase/multiload -s 16 -T 16g -n 5 -c chaseload -t 20 -m 1073741824 -l stream-sum
[10/21 16:09:58 PM] Iteration 4 of 5, taskset 0000FFFFF /home/ubuntu/Analyzing-DataCenter-Workloads/multichase/multiload -s 16 -T 16g -n 5 -c chaseload -t 20 -m 1073741824 -l stream-sum
[10/21 16:10:28 PM] Iteration 5 of 5, taskset 0000FFFFF /home/ubuntu/Analyzing-DataCenter-Workloads/multichase/multiload -s 16 -T 16g -n 5 -c chaseload -t 20 -m 1073741824 -l stream-sum

[10/21 16:10:57 PM] Total runtime: 1 hrs, 18 mins, 49 secs
[10/21 16:10:57 PM] Iteration 1 of 5, taskset 000FFFFFF /home/ubuntu/Analyzing-DataCenter-Workloads/multichase/multiload -s 16 -T 16g -n 5 -c chaseload -t 24 -m 1073741824 -l stream-sum
[10/21 16:11:27 PM] Iteration 2 of 5, taskset 000FFFFFF /home/ubuntu/Analyzing-DataCenter-Workloads/multichase/multiload -s 16 -T 16g -n 5 -c chaseload -t 24 -m 1073741824 -l stream-sum
[10/21 16:11:56 PM] Iteration 3 of 5, taskset 000FFFFFF /home/ubuntu/Analyzing-DataCenter-Workloads/multichase/multiload -s 16 -T 16g -n 5 -c chaseload -t 24 -m 1073741824 -l stream-sum
[10/21 16:12:26 PM] Iteration 4 of 5, taskset 000FFFFFF /home/ubuntu/Analyzing-DataCenter-Workloads/multichase/multiload -s 16 -T 16g -n 5 -c chaseload -t 24 -m 1073741824 -l stream-sum
[10/21 16:12:55 PM] Iteration 5 of 5, taskset 000FFFFFF /home/ubuntu/Analyzing-DataCenter-Workloads/multichase/multiload -s 16 -T 16g -n 5 -c chaseload -t 24 -m 1073741824 -l stream-sum

[10/21 16:13:25 PM] Total runtime: 1 hrs, 21 mins, 17 secs
[10/21 16:13:25 PM] Iteration 1 of 5, taskset 00FFFFFFF /home/ubuntu/Analyzing-DataCenter-Workloads/multichase/multiload -s 16 -T 16g -n 5 -c chaseload -t 28 -m 1073741824 -l stream-sum
[10/21 16:13:55 PM] Iteration 2 of 5, taskset 00FFFFFFF /home/ubuntu/Analyzing-DataCenter-Workloads/multichase/multiload -s 16 -T 16g -n 5 -c chaseload -t 28 -m 1073741824 -l stream-sum
[10/21 16:14:25 PM] Iteration 3 of 5, taskset 00FFFFFFF /home/ubuntu/Analyzing-DataCenter-Workloads/multichase/multiload -s 16 -T 16g -n 5 -c chaseload -t 28 -m 1073741824 -l stream-sum
[10/21 16:14:55 PM] Iteration 4 of 5, taskset 00FFFFFFF /home/ubuntu/Analyzing-DataCenter-Workloads/multichase/multiload -s 16 -T 16g -n 5 -c chaseload -t 28 -m 1073741824 -l stream-sum
[10/21 16:15:25 PM] Iteration 5 of 5, taskset 00FFFFFFF /home/ubuntu/Analyzing-DataCenter-Workloads/multichase/multiload -s 16 -T 16g -n 5 -c chaseload -t 28 -m 1073741824 -l stream-sum

[10/21 16:15:55 PM] Total runtime: 1 hrs, 23 mins, 47 secs
[10/21 16:15:55 PM] Iteration 1 of 5, taskset 0FFFFFFFF /home/ubuntu/Analyzing-DataCenter-Workloads/multichase/multiload -s 16 -T 16g -n 5 -c chaseload -t 32 -m 1073741824 -l stream-sum
[10/21 16:16:25 PM] Iteration 2 of 5, taskset 0FFFFFFFF /home/ubuntu/Analyzing-DataCenter-Workloads/multichase/multiload -s 16 -T 16g -n 5 -c chaseload -t 32 -m 1073741824 -l stream-sum
[10/21 16:16:56 PM] Iteration 3 of 5, taskset 0FFFFFFFF /home/ubuntu/Analyzing-DataCenter-Workloads/multichase/multiload -s 16 -T 16g -n 5 -c chaseload -t 32 -m 1073741824 -l stream-sum
[10/21 16:17:26 PM] Iteration 4 of 5, taskset 0FFFFFFFF /home/ubuntu/Analyzing-DataCenter-Workloads/multichase/multiload -s 16 -T 16g -n 5 -c chaseload -t 32 -m 1073741824 -l stream-sum
[10/21 16:17:56 PM] Iteration 5 of 5, taskset 0FFFFFFFF /home/ubuntu/Analyzing-DataCenter-Workloads/multichase/multiload -s 16 -T 16g -n 5 -c chaseload -t 32 -m 1073741824 -l stream-sum

[10/21 16:18:26 PM] Total runtime: 1 hrs, 26 mins, 18 secs
[10/21 16:18:26 PM] Iteration 1 of 5, taskset 000000001 /home/ubuntu/Analyzing-DataCenter-Workloads/multichase/multiload -s 16 -T 16g -n 5 -c chaseload -t 1 -m 1073741824 -l stream-triad
[10/21 16:18:53 PM] Iteration 2 of 5, taskset 000000001 /home/ubuntu/Analyzing-DataCenter-Workloads/multichase/multiload -s 16 -T 16g -n 5 -c chaseload -t 1 -m 1073741824 -l stream-triad
[10/21 16:19:20 PM] Iteration 3 of 5, taskset 000000001 /home/ubuntu/Analyzing-DataCenter-Workloads/multichase/multiload -s 16 -T 16g -n 5 -c chaseload -t 1 -m 1073741824 -l stream-triad
[10/21 16:19:46 PM] Iteration 4 of 5, taskset 000000001 /home/ubuntu/Analyzing-DataCenter-Workloads/multichase/multiload -s 16 -T 16g -n 5 -c chaseload -t 1 -m 1073741824 -l stream-triad
[10/21 16:20:12 PM] Iteration 5 of 5, taskset 000000001 /home/ubuntu/Analyzing-DataCenter-Workloads/multichase/multiload -s 16 -T 16g -n 5 -c chaseload -t 1 -m 1073741824 -l stream-triad

[10/21 16:20:39 PM] Total runtime: 1 hrs, 28 mins, 31 secs
[10/21 16:20:39 PM] Iteration 1 of 5, taskset 00000000F /home/ubuntu/Analyzing-DataCenter-Workloads/multichase/multiload -s 16 -T 16g -n 5 -c chaseload -t 4 -m 1073741824 -l stream-triad
[10/21 16:21:06 PM] Iteration 2 of 5, taskset 00000000F /home/ubuntu/Analyzing-DataCenter-Workloads/multichase/multiload -s 16 -T 16g -n 5 -c chaseload -t 4 -m 1073741824 -l stream-triad
[10/21 16:21:33 PM] Iteration 3 of 5, taskset 00000000F /home/ubuntu/Analyzing-DataCenter-Workloads/multichase/multiload -s 16 -T 16g -n 5 -c chaseload -t 4 -m 1073741824 -l stream-triad
[10/21 16:22:00 PM] Iteration 4 of 5, taskset 00000000F /home/ubuntu/Analyzing-DataCenter-Workloads/multichase/multiload -s 16 -T 16g -n 5 -c chaseload -t 4 -m 1073741824 -l stream-triad
[10/21 16:22:27 PM] Iteration 5 of 5, taskset 00000000F /home/ubuntu/Analyzing-DataCenter-Workloads/multichase/multiload -s 16 -T 16g -n 5 -c chaseload -t 4 -m 1073741824 -l stream-triad

[10/21 16:22:54 PM] Total runtime: 1 hrs, 30 mins, 46 secs
[10/21 16:22:54 PM] Iteration 1 of 5, taskset 0000000FF /home/ubuntu/Analyzing-DataCenter-Workloads/multichase/multiload -s 16 -T 16g -n 5 -c chaseload -t 8 -m 1073741824 -l stream-triad
[10/21 16:23:22 PM] Iteration 2 of 5, taskset 0000000FF /home/ubuntu/Analyzing-DataCenter-Workloads/multichase/multiload -s 16 -T 16g -n 5 -c chaseload -t 8 -m 1073741824 -l stream-triad
[10/21 16:23:49 PM] Iteration 3 of 5, taskset 0000000FF /home/ubuntu/Analyzing-DataCenter-Workloads/multichase/multiload -s 16 -T 16g -n 5 -c chaseload -t 8 -m 1073741824 -l stream-triad
[10/21 16:24:17 PM] Iteration 4 of 5, taskset 0000000FF /home/ubuntu/Analyzing-DataCenter-Workloads/multichase/multiload -s 16 -T 16g -n 5 -c chaseload -t 8 -m 1073741824 -l stream-triad
[10/21 16:24:45 PM] Iteration 5 of 5, taskset 0000000FF /home/ubuntu/Analyzing-DataCenter-Workloads/multichase/multiload -s 16 -T 16g -n 5 -c chaseload -t 8 -m 1073741824 -l stream-triad

[10/21 16:25:12 PM] Total runtime: 1 hrs, 33 mins, 4 secs
[10/21 16:25:12 PM] Iteration 1 of 5, taskset 000000FFF /home/ubuntu/Analyzing-DataCenter-Workloads/multichase/multiload -s 16 -T 16g -n 5 -c chaseload -t 12 -m 1073741824 -l stream-triad
[10/21 16:25:40 PM] Iteration 2 of 5, taskset 000000FFF /home/ubuntu/Analyzing-DataCenter-Workloads/multichase/multiload -s 16 -T 16g -n 5 -c chaseload -t 12 -m 1073741824 -l stream-triad
[10/21 16:26:09 PM] Iteration 3 of 5, taskset 000000FFF /home/ubuntu/Analyzing-DataCenter-Workloads/multichase/multiload -s 16 -T 16g -n 5 -c chaseload -t 12 -m 1073741824 -l stream-triad
[10/21 16:26:37 PM] Iteration 4 of 5, taskset 000000FFF /home/ubuntu/Analyzing-DataCenter-Workloads/multichase/multiload -s 16 -T 16g -n 5 -c chaseload -t 12 -m 1073741824 -l stream-triad
[10/21 16:27:05 PM] Iteration 5 of 5, taskset 000000FFF /home/ubuntu/Analyzing-DataCenter-Workloads/multichase/multiload -s 16 -T 16g -n 5 -c chaseload -t 12 -m 1073741824 -l stream-triad

[10/21 16:27:33 PM] Total runtime: 1 hrs, 35 mins, 25 secs
[10/21 16:27:33 PM] Iteration 1 of 5, taskset 00000FFFF /home/ubuntu/Analyzing-DataCenter-Workloads/multichase/multiload -s 16 -T 16g -n 5 -c chaseload -t 16 -m 1073741824 -l stream-triad
[10/21 16:28:02 PM] Iteration 2 of 5, taskset 00000FFFF /home/ubuntu/Analyzing-DataCenter-Workloads/multichase/multiload -s 16 -T 16g -n 5 -c chaseload -t 16 -m 1073741824 -l stream-triad
[10/21 16:28:31 PM] Iteration 3 of 5, taskset 00000FFFF /home/ubuntu/Analyzing-DataCenter-Workloads/multichase/multiload -s 16 -T 16g -n 5 -c chaseload -t 16 -m 1073741824 -l stream-triad
[10/21 16:28:59 PM] Iteration 4 of 5, taskset 00000FFFF /home/ubuntu/Analyzing-DataCenter-Workloads/multichase/multiload -s 16 -T 16g -n 5 -c chaseload -t 16 -m 1073741824 -l stream-triad
[10/21 16:29:28 PM] Iteration 5 of 5, taskset 00000FFFF /home/ubuntu/Analyzing-DataCenter-Workloads/multichase/multiload -s 16 -T 16g -n 5 -c chaseload -t 16 -m 1073741824 -l stream-triad

[10/21 16:29:56 PM] Total runtime: 1 hrs, 37 mins, 48 secs
[10/21 16:29:56 PM] Iteration 1 of 5, taskset 0000FFFFF /home/ubuntu/Analyzing-DataCenter-Workloads/multichase/multiload -s 16 -T 16g -n 5 -c chaseload -t 20 -m 1073741824 -l stream-triad
[10/21 16:30:27 PM] Iteration 2 of 5, taskset 0000FFFFF /home/ubuntu/Analyzing-DataCenter-Workloads/multichase/multiload -s 16 -T 16g -n 5 -c chaseload -t 20 -m 1073741824 -l stream-triad
[10/21 16:30:56 PM] Iteration 3 of 5, taskset 0000FFFFF /home/ubuntu/Analyzing-DataCenter-Workloads/multichase/multiload -s 16 -T 16g -n 5 -c chaseload -t 20 -m 1073741824 -l stream-triad
[10/21 16:31:27 PM] Iteration 4 of 5, taskset 0000FFFFF /home/ubuntu/Analyzing-DataCenter-Workloads/multichase/multiload -s 16 -T 16g -n 5 -c chaseload -t 20 -m 1073741824 -l stream-triad
[10/21 16:31:56 PM] Iteration 5 of 5, taskset 0000FFFFF /home/ubuntu/Analyzing-DataCenter-Workloads/multichase/multiload -s 16 -T 16g -n 5 -c chaseload -t 20 -m 1073741824 -l stream-triad

[10/21 16:32:26 PM] Total runtime: 1 hrs, 40 mins, 18 secs
[10/21 16:32:26 PM] Iteration 1 of 5, taskset 000FFFFFF /home/ubuntu/Analyzing-DataCenter-Workloads/multichase/multiload -s 16 -T 16g -n 5 -c chaseload -t 24 -m 1073741824 -l stream-triad
[10/21 16:32:56 PM] Iteration 2 of 5, taskset 000FFFFFF /home/ubuntu/Analyzing-DataCenter-Workloads/multichase/multiload -s 16 -T 16g -n 5 -c chaseload -t 24 -m 1073741824 -l stream-triad
[10/21 16:33:26 PM] Iteration 3 of 5, taskset 000FFFFFF /home/ubuntu/Analyzing-DataCenter-Workloads/multichase/multiload -s 16 -T 16g -n 5 -c chaseload -t 24 -m 1073741824 -l stream-triad
[10/21 16:33:57 PM] Iteration 4 of 5, taskset 000FFFFFF /home/ubuntu/Analyzing-DataCenter-Workloads/multichase/multiload -s 16 -T 16g -n 5 -c chaseload -t 24 -m 1073741824 -l stream-triad
[10/21 16:34:27 PM] Iteration 5 of 5, taskset 000FFFFFF /home/ubuntu/Analyzing-DataCenter-Workloads/multichase/multiload -s 16 -T 16g -n 5 -c chaseload -t 24 -m 1073741824 -l stream-triad

[10/21 16:34:57 PM] Total runtime: 1 hrs, 42 mins, 49 secs
[10/21 16:34:57 PM] Iteration 1 of 5, taskset 00FFFFFFF /home/ubuntu/Analyzing-DataCenter-Workloads/multichase/multiload -s 16 -T 16g -n 5 -c chaseload -t 28 -m 1073741824 -l stream-triad
[10/21 16:35:27 PM] Iteration 2 of 5, taskset 00FFFFFFF /home/ubuntu/Analyzing-DataCenter-Workloads/multichase/multiload -s 16 -T 16g -n 5 -c chaseload -t 28 -m 1073741824 -l stream-triad
[10/21 16:35:57 PM] Iteration 3 of 5, taskset 00FFFFFFF /home/ubuntu/Analyzing-DataCenter-Workloads/multichase/multiload -s 16 -T 16g -n 5 -c chaseload -t 28 -m 1073741824 -l stream-triad
[10/21 16:36:27 PM] Iteration 4 of 5, taskset 00FFFFFFF /home/ubuntu/Analyzing-DataCenter-Workloads/multichase/multiload -s 16 -T 16g -n 5 -c chaseload -t 28 -m 1073741824 -l stream-triad
[10/21 16:36:58 PM] Iteration 5 of 5, taskset 00FFFFFFF /home/ubuntu/Analyzing-DataCenter-Workloads/multichase/multiload -s 16 -T 16g -n 5 -c chaseload -t 28 -m 1073741824 -l stream-triad

[10/21 16:37:28 PM] Total runtime: 1 hrs, 45 mins, 20 secs
[10/21 16:37:28 PM] Iteration 1 of 5, taskset 0FFFFFFFF /home/ubuntu/Analyzing-DataCenter-Workloads/multichase/multiload -s 16 -T 16g -n 5 -c chaseload -t 32 -m 1073741824 -l stream-triad
[10/21 16:37:58 PM] Iteration 2 of 5, taskset 0FFFFFFFF /home/ubuntu/Analyzing-DataCenter-Workloads/multichase/multiload -s 16 -T 16g -n 5 -c chaseload -t 32 -m 1073741824 -l stream-triad
[10/21 16:38:28 PM] Iteration 3 of 5, taskset 0FFFFFFFF /home/ubuntu/Analyzing-DataCenter-Workloads/multichase/multiload -s 16 -T 16g -n 5 -c chaseload -t 32 -m 1073741824 -l stream-triad
[10/21 16:38:59 PM] Iteration 4 of 5, taskset 0FFFFFFFF /home/ubuntu/Analyzing-DataCenter-Workloads/multichase/multiload -s 16 -T 16g -n 5 -c chaseload -t 32 -m 1073741824 -l stream-triad
[10/21 16:39:29 PM] Iteration 5 of 5, taskset 0FFFFFFFF /home/ubuntu/Analyzing-DataCenter-Workloads/multichase/multiload -s 16 -T 16g -n 5 -c chaseload -t 32 -m 1073741824 -l stream-triad

[10/21 16:39:59 PM] Total runtime: 1 hrs, 47 mins, 51 secs

[10/21 16:40:00 PM] Total eval runtime = 1 hrs.. 47 mins.. 52 secs..

