
CPU Model =  Neoverse-N1

Sockets/Cores/Threads:
	num_sockets          = 1
	num_cores_total      = 2
	num_cores_per_socket = 2
	num_threads_per_core = 1
	Hyper-Threading      = false

NUMA:
	num_numa_domains            = 1
	num_numa_domains_per_socket = 1
	num_cores_per_numa_domain   = 2

Memory = 7.92 GB

CPU Caches:
	L1_cache = 64K (4-way)
	L2_cache = 1024K (8-way)
	L3_cache = 32768K (16-way)
	L3_cache_per_sock = 32768 KB
	L3_cache_per_core = 16384 KB

OS:
Operating System       = Ubuntu 22.04.3 LTS
Kernel version         = 6.2.0-1012-aws
CPU Turbo Boost        = 
CPU Scaling Governor   = 
CPU Scaling Driver     = 
Transparent Huge Pages = disabled

CC version = gcc (Ubuntu 11.4.0-1ubuntu1~22.04) 11.4.0
Target ISA  = 
Hostname    = ip-172-31-5-39.us-west-1.compute.internal
Date        = Sun Dec  3 23:02:59 UTC 2023

-------------------------------------------------------------
STREAM version $Revision: 5.10 $
-------------------------------------------------------------
This system uses 8 bytes per array element.
-------------------------------------------------------------
Array size = 67108864 (elements), Offset = 0 (elements)
Memory per array = 512.0 MiB (= 0.5 GiB).
Total memory required = 1536.0 MiB (= 1.5 GiB).
Each kernel will be executed 100 times.
 The *best* time for each kernel (excluding the first iteration)
 will be used to compute the reported bandwidth.
-------------------------------------------------------------
Number of Threads requested = 2
Number of Threads counted = 2
-------------------------------------------------------------
Your clock granularity/precision appears to be 1 microseconds.
Each test below will take on the order of 16079 microseconds.
   (= 16079 clock ticks)
Increase the size of the arrays if this shows that
you are not getting at least 20 clock ticks per test.
-------------------------------------------------------------
WARNING -- The above is only a rough guideline.
For best results, please be sure you know the
precision of your system timer.
-------------------------------------------------------------
Function    Best Rate MB/s  Avg time     Min time     Max time
Copy:           59172.2     0.019532     0.018146     0.036348
Scale:          59247.8     0.019515     0.018123     0.036848
Add:            49355.2     0.034807     0.032633     0.066278
Triad:          49402.5     0.035166     0.032602     0.066589
-------------------------------------------------------------
Solution Validates: avg error less than 1.000000e-13 on all three arrays
-------------------------------------------------------------
